<?xml version="1.0" encoding="UTF-8"?>
<testng-results ignored="0" total="1" passed="1" failed="0" skipped="0">
  <reporter-output>
  </reporter-output>
  <suite started-at="2024-05-28T18:24:39Z" name="Surefire suite" finished-at="2024-05-28T18:24:39Z" duration-ms="157">
    <groups>
    </groups>
    <test started-at="2024-05-28T18:24:39Z" name="Surefire test" finished-at="2024-05-28T18:24:39Z" duration-ms="157">
      <class name="com.mentorbabaa.selenium.medicure_application.AppTest">
        <test-method signature="shouldAnswerWithTrue()" started-at="2024-05-28T23:54:39Z" name="shouldAnswerWithTrue" finished-at="2024-05-28T23:54:39Z" duration-ms="39" status="PASS">
          <reporter-output>
          </reporter-output>
        </test-method> <!-- shouldAnswerWithTrue -->
      </class> <!-- com.mentorbabaa.selenium.medicure_application.AppTest -->
    </test> <!-- Surefire test -->
  </suite> <!-- Surefire suite -->
</testng-results>
